<?xml version="1.0" encoding="UTF-8"?>
<!-- Generated by org.testng.reporters.JUnitReportReporter -->
<testsuite hostname="Mahalaxmi" failures="0" tests="1" name="test23.TC15" time="2.055" errors="0" timestamp="2023-01-03T20:59:47 IST" skipped="0">
  <testcase classname="test23.TC15" name="Verifytitle" time="2.055"/>
  <system-out/>
</testsuite> <!-- test23.TC15 -->
